<?xml version="1.0" encoding="UTF-8"?>
<!-- Generated by org.testng.reporters.JUnitReportReporter -->
<testsuite skipped="0" hostname="DESKTOP-TK3J6EM" name="BrokenImageLinks" tests="1" failures="0" timestamp="27 Aug 2021 14:41:53 GMT" time="30.108" errors="0">
  <testcase name="validateInvalidImages" time="30.108" classname="BrokenImageLinks"/>
</testsuite> <!-- BrokenImageLinks -->
